{"/Users/gen_lemonade/Documents/node/hubot-pivotal/src/scripts/hubot-pivotal.js":{"path":"/Users/gen_lemonade/Documents/node/hubot-pivotal/src/scripts/hubot-pivotal.js","s":{"1":1,"2":1,"3":9,"4":9,"5":0,"6":9,"7":9,"8":9,"9":9,"10":9,"11":9,"12":9,"13":9,"14":1,"15":36,"16":9,"17":9,"18":0,"19":0,"20":9,"21":3,"22":6,"23":3,"24":3,"25":0,"26":3,"27":3,"28":0,"29":0,"30":0,"31":1,"32":0,"33":0,"34":0,"35":0,"36":1,"37":3,"38":3,"39":1,"40":1,"41":2,"42":2,"43":4,"44":4,"45":2,"46":2,"47":1,"48":0,"49":0,"50":0,"51":0,"52":0,"53":0,"54":0,"55":0,"56":0,"57":1,"58":3,"59":3,"60":3,"61":1,"62":1,"63":2,"64":2,"65":2,"66":1,"67":1,"68":1,"69":1,"70":1,"71":1,"72":1,"73":1,"74":1,"75":1,"76":1,"77":0,"78":1,"79":1,"80":0,"81":0,"82":0,"83":0,"84":0,"85":0,"86":0,"87":0,"88":0,"89":0,"90":0,"91":0,"92":0,"93":0,"94":0,"95":1,"96":3,"97":3,"98":1,"99":1,"100":2,"101":2,"102":1,"103":2,"104":2,"105":2,"106":1,"107":1,"108":1,"109":1,"110":0,"111":0},"b":{"1":[0,9],"2":[0,9],"3":[3,6],"4":[3,3],"5":[0,3],"6":[3,0],"7":[0,0],"8":[1,2],"9":[0,0],"10":[0,0],"11":[1,2],"12":[1,1],"13":[0,1],"14":[1,0],"15":[0,1],"16":[0,0],"17":[0,0],"18":[0,0],"19":[1,2],"20":[1,1]},"f":{"1":9,"2":36,"3":9,"4":0,"5":3,"6":0,"7":0,"8":3,"9":3,"10":0,"11":3,"12":2,"13":2,"14":0},"fnMap":{"1":{"name":"(anonymous_1)","line":5,"loc":{"start":{"line":5,"column":17},"end":{"line":5,"column":34}}},"2":{"name":"messageHandling","line":28,"loc":{"start":{"line":28,"column":4},"end":{"line":28,"column":36}}},"3":{"name":"(anonymous_3)","line":29,"loc":{"start":{"line":29,"column":15},"end":{"line":29,"column":29}}},"4":{"name":"getPivotalUrls","line":60,"loc":{"start":{"line":60,"column":4},"end":{"line":60,"column":30}}},"5":{"name":"replyProjectsInfo","line":68,"loc":{"start":{"line":68,"column":4},"end":{"line":68,"column":36}}},"6":{"name":"replyProjectName","line":84,"loc":{"start":{"line":84,"column":4},"end":{"line":84,"column":46}}},"7":{"name":"(anonymous_7)","line":89,"loc":{"start":{"line":89,"column":15},"end":{"line":89,"column":41}}},"8":{"name":"addProject","line":102,"loc":{"start":{"line":102,"column":4},"end":{"line":102,"column":40}}},"9":{"name":"(anonymous_9)","line":107,"loc":{"start":{"line":107,"column":15},"end":{"line":107,"column":41}}},"10":{"name":"removeProject","line":144,"loc":{"start":{"line":144,"column":4},"end":{"line":144,"column":43}}},"11":{"name":"replyStorySummary","line":169,"loc":{"start":{"line":169,"column":4},"end":{"line":169,"column":45}}},"12":{"name":"_replyStorySummary","line":181,"loc":{"start":{"line":181,"column":4},"end":{"line":181,"column":59}}},"13":{"name":"(anonymous_13)","line":188,"loc":{"start":{"line":188,"column":15},"end":{"line":188,"column":41}}},"14":{"name":"error","line":201,"loc":{"start":{"line":201,"column":4},"end":{"line":201,"column":27}}}},"statementMap":{"1":{"start":{"line":3,"column":0},"end":{"line":3,"column":25}},"2":{"start":{"line":5,"column":0},"end":{"line":205,"column":2}},"3":{"start":{"line":6,"column":4},"end":{"line":6,"column":60}},"4":{"start":{"line":7,"column":4},"end":{"line":9,"column":5}},"5":{"start":{"line":8,"column":8},"end":{"line":8,"column":61}},"6":{"start":{"line":10,"column":4},"end":{"line":10,"column":85}},"7":{"start":{"line":11,"column":4},"end":{"line":11,"column":75}},"8":{"start":{"line":12,"column":4},"end":{"line":12,"column":107}},"9":{"start":{"line":14,"column":4},"end":{"line":14,"column":45}},"10":{"start":{"line":16,"column":4},"end":{"line":16,"column":77}},"11":{"start":{"line":18,"column":4},"end":{"line":18,"column":78}},"12":{"start":{"line":22,"column":4},"end":{"line":22,"column":84}},"13":{"start":{"line":24,"column":4},"end":{"line":24,"column":90}},"14":{"start":{"line":28,"column":4},"end":{"line":58,"column":5}},"15":{"start":{"line":29,"column":8},"end":{"line":57,"column":10}},"16":{"start":{"line":31,"column":12},"end":{"line":56,"column":13}},"17":{"start":{"line":32,"column":16},"end":{"line":35,"column":17}},"18":{"start":{"line":33,"column":20},"end":{"line":33,"column":39}},"19":{"start":{"line":34,"column":20},"end":{"line":34,"column":27}},"20":{"start":{"line":42,"column":16},"end":{"line":53,"column":17}},"21":{"start":{"line":43,"column":20},"end":{"line":43,"column":43}},"22":{"start":{"line":45,"column":23},"end":{"line":53,"column":17}},"23":{"start":{"line":46,"column":20},"end":{"line":46,"column":57}},"24":{"start":{"line":47,"column":23},"end":{"line":53,"column":17}},"25":{"start":{"line":48,"column":20},"end":{"line":48,"column":56}},"26":{"start":{"line":49,"column":23},"end":{"line":53,"column":17}},"27":{"start":{"line":50,"column":20},"end":{"line":50,"column":50}},"28":{"start":{"line":51,"column":23},"end":{"line":53,"column":17}},"29":{"start":{"line":52,"column":20},"end":{"line":52,"column":53}},"30":{"start":{"line":55,"column":16},"end":{"line":55,"column":30}},"31":{"start":{"line":60,"column":4},"end":{"line":66,"column":5}},"32":{"start":{"line":61,"column":8},"end":{"line":61,"column":26}},"33":{"start":{"line":62,"column":8},"end":{"line":64,"column":9}},"34":{"start":{"line":63,"column":12},"end":{"line":63,"column":79}},"35":{"start":{"line":65,"column":8},"end":{"line":65,"column":24}},"36":{"start":{"line":68,"column":4},"end":{"line":82,"column":5}},"37":{"start":{"line":69,"column":8},"end":{"line":69,"column":63}},"38":{"start":{"line":70,"column":8},"end":{"line":73,"column":9}},"39":{"start":{"line":71,"column":12},"end":{"line":71,"column":118}},"40":{"start":{"line":72,"column":12},"end":{"line":72,"column":19}},"41":{"start":{"line":75,"column":8},"end":{"line":75,"column":26}},"42":{"start":{"line":76,"column":8},"end":{"line":79,"column":9}},"43":{"start":{"line":77,"column":12},"end":{"line":77,"column":41}},"44":{"start":{"line":78,"column":12},"end":{"line":78,"column":94}},"45":{"start":{"line":80,"column":8},"end":{"line":80,"column":34}},"46":{"start":{"line":81,"column":8},"end":{"line":81,"column":27}},"47":{"start":{"line":84,"column":4},"end":{"line":100,"column":5}},"48":{"start":{"line":85,"column":8},"end":{"line":85,"column":28}},"49":{"start":{"line":86,"column":8},"end":{"line":99,"column":11}},"50":{"start":{"line":90,"column":12},"end":{"line":93,"column":13}},"51":{"start":{"line":91,"column":16},"end":{"line":91,"column":95}},"52":{"start":{"line":92,"column":16},"end":{"line":92,"column":23}},"53":{"start":{"line":94,"column":12},"end":{"line":94,"column":43}},"54":{"start":{"line":95,"column":12},"end":{"line":97,"column":13}},"55":{"start":{"line":96,"column":16},"end":{"line":96,"column":39}},"56":{"start":{"line":98,"column":12},"end":{"line":98,"column":27}},"57":{"start":{"line":102,"column":4},"end":{"line":142,"column":5}},"58":{"start":{"line":103,"column":8},"end":{"line":103,"column":28}},"59":{"start":{"line":104,"column":8},"end":{"line":141,"column":11}},"60":{"start":{"line":108,"column":12},"end":{"line":111,"column":13}},"61":{"start":{"line":109,"column":16},"end":{"line":109,"column":90}},"62":{"start":{"line":110,"column":16},"end":{"line":110,"column":23}},"63":{"start":{"line":112,"column":12},"end":{"line":112,"column":43}},"64":{"start":{"line":113,"column":12},"end":{"line":113,"column":39}},"65":{"start":{"line":114,"column":12},"end":{"line":117,"column":13}},"66":{"start":{"line":115,"column":16},"end":{"line":115,"column":126}},"67":{"start":{"line":116,"column":16},"end":{"line":116,"column":23}},"68":{"start":{"line":119,"column":12},"end":{"line":119,"column":67}},"69":{"start":{"line":120,"column":12},"end":{"line":120,"column":60}},"70":{"start":{"line":122,"column":12},"end":{"line":122,"column":53}},"71":{"start":{"line":123,"column":12},"end":{"line":123,"column":88}},"72":{"start":{"line":124,"column":12},"end":{"line":124,"column":55}},"73":{"start":{"line":126,"column":12},"end":{"line":126,"column":61}},"74":{"start":{"line":128,"column":12},"end":{"line":133,"column":18}},"75":{"start":{"line":135,"column":12},"end":{"line":135,"column":62}},"76":{"start":{"line":136,"column":12},"end":{"line":140,"column":13}},"77":{"start":{"line":137,"column":16},"end":{"line":137,"column":103}},"78":{"start":{"line":139,"column":16},"end":{"line":139,"column":83}},"79":{"start":{"line":144,"column":4},"end":{"line":167,"column":5}},"80":{"start":{"line":145,"column":8},"end":{"line":145,"column":63}},"81":{"start":{"line":146,"column":8},"end":{"line":149,"column":9}},"82":{"start":{"line":147,"column":12},"end":{"line":147,"column":57}},"83":{"start":{"line":148,"column":12},"end":{"line":148,"column":19}},"84":{"start":{"line":151,"column":8},"end":{"line":151,"column":49}},"85":{"start":{"line":152,"column":8},"end":{"line":155,"column":9}},"86":{"start":{"line":153,"column":12},"end":{"line":153,"column":84}},"87":{"start":{"line":154,"column":12},"end":{"line":154,"column":19}},"88":{"start":{"line":157,"column":8},"end":{"line":157,"column":38}},"89":{"start":{"line":158,"column":8},"end":{"line":158,"column":39}},"90":{"start":{"line":159,"column":8},"end":{"line":164,"column":9}},"91":{"start":{"line":160,"column":12},"end":{"line":160,"column":62}},"92":{"start":{"line":163,"column":12},"end":{"line":163,"column":51}},"93":{"start":{"line":165,"column":8},"end":{"line":165,"column":27}},"94":{"start":{"line":166,"column":8},"end":{"line":166,"column":90}},"95":{"start":{"line":169,"column":4},"end":{"line":179,"column":5}},"96":{"start":{"line":170,"column":8},"end":{"line":170,"column":63}},"97":{"start":{"line":171,"column":8},"end":{"line":174,"column":9}},"98":{"start":{"line":172,"column":12},"end":{"line":172,"column":83}},"99":{"start":{"line":173,"column":12},"end":{"line":173,"column":19}},"100":{"start":{"line":176,"column":8},"end":{"line":178,"column":9}},"101":{"start":{"line":177,"column":12},"end":{"line":177,"column":64}},"102":{"start":{"line":181,"column":4},"end":{"line":199,"column":5}},"103":{"start":{"line":182,"column":8},"end":{"line":198,"column":11}},"104":{"start":{"line":189,"column":12},"end":{"line":189,"column":43}},"105":{"start":{"line":190,"column":12},"end":{"line":197,"column":13}},"106":{"start":{"line":191,"column":16},"end":{"line":191,"column":104}},"107":{"start":{"line":193,"column":20},"end":{"line":195,"column":131}},"108":{"start":{"line":196,"column":20},"end":{"line":196,"column":39}},"109":{"start":{"line":201,"column":4},"end":{"line":204,"column":5}},"110":{"start":{"line":202,"column":8},"end":{"line":202,"column":76}},"111":{"start":{"line":203,"column":8},"end":{"line":203,"column":27}}},"branchMap":{"1":{"line":7,"type":"if","locations":[{"start":{"line":7,"column":4},"end":{"line":7,"column":4}},{"start":{"line":7,"column":4},"end":{"line":7,"column":4}}]},"2":{"line":32,"type":"if","locations":[{"start":{"line":32,"column":16},"end":{"line":32,"column":16}},{"start":{"line":32,"column":16},"end":{"line":32,"column":16}}]},"3":{"line":42,"type":"if","locations":[{"start":{"line":42,"column":16},"end":{"line":42,"column":16}},{"start":{"line":42,"column":16},"end":{"line":42,"column":16}}]},"4":{"line":45,"type":"if","locations":[{"start":{"line":45,"column":23},"end":{"line":45,"column":23}},{"start":{"line":45,"column":23},"end":{"line":45,"column":23}}]},"5":{"line":47,"type":"if","locations":[{"start":{"line":47,"column":23},"end":{"line":47,"column":23}},{"start":{"line":47,"column":23},"end":{"line":47,"column":23}}]},"6":{"line":49,"type":"if","locations":[{"start":{"line":49,"column":23},"end":{"line":49,"column":23}},{"start":{"line":49,"column":23},"end":{"line":49,"column":23}}]},"7":{"line":51,"type":"if","locations":[{"start":{"line":51,"column":23},"end":{"line":51,"column":23}},{"start":{"line":51,"column":23},"end":{"line":51,"column":23}}]},"8":{"line":70,"type":"if","locations":[{"start":{"line":70,"column":8},"end":{"line":70,"column":8}},{"start":{"line":70,"column":8},"end":{"line":70,"column":8}}]},"9":{"line":90,"type":"if","locations":[{"start":{"line":90,"column":12},"end":{"line":90,"column":12}},{"start":{"line":90,"column":12},"end":{"line":90,"column":12}}]},"10":{"line":95,"type":"if","locations":[{"start":{"line":95,"column":12},"end":{"line":95,"column":12}},{"start":{"line":95,"column":12},"end":{"line":95,"column":12}}]},"11":{"line":108,"type":"if","locations":[{"start":{"line":108,"column":12},"end":{"line":108,"column":12}},{"start":{"line":108,"column":12},"end":{"line":108,"column":12}}]},"12":{"line":114,"type":"if","locations":[{"start":{"line":114,"column":12},"end":{"line":114,"column":12}},{"start":{"line":114,"column":12},"end":{"line":114,"column":12}}]},"13":{"line":120,"type":"cond-expr","locations":[{"start":{"line":120,"column":42},"end":{"line":120,"column":54}},{"start":{"line":120,"column":57},"end":{"line":120,"column":59}}]},"14":{"line":123,"type":"cond-expr","locations":[{"start":{"line":123,"column":40},"end":{"line":123,"column":51}},{"start":{"line":123,"column":54},"end":{"line":123,"column":88}}]},"15":{"line":136,"type":"if","locations":[{"start":{"line":136,"column":12},"end":{"line":136,"column":12}},{"start":{"line":136,"column":12},"end":{"line":136,"column":12}}]},"16":{"line":146,"type":"if","locations":[{"start":{"line":146,"column":8},"end":{"line":146,"column":8}},{"start":{"line":146,"column":8},"end":{"line":146,"column":8}}]},"17":{"line":152,"type":"if","locations":[{"start":{"line":152,"column":8},"end":{"line":152,"column":8}},{"start":{"line":152,"column":8},"end":{"line":152,"column":8}}]},"18":{"line":159,"type":"if","locations":[{"start":{"line":159,"column":8},"end":{"line":159,"column":8}},{"start":{"line":159,"column":8},"end":{"line":159,"column":8}}]},"19":{"line":171,"type":"if","locations":[{"start":{"line":171,"column":8},"end":{"line":171,"column":8}},{"start":{"line":171,"column":8},"end":{"line":171,"column":8}}]},"20":{"line":190,"type":"if","locations":[{"start":{"line":190,"column":12},"end":{"line":190,"column":12}},{"start":{"line":190,"column":12},"end":{"line":190,"column":12}}]}}}}