TN:
SF:/Users/gen_lemonade/Documents/node/hubot-pivotal/src/scripts/hubot-pivotal.js
FN:5,(anonymous_1)
FN:28,messageHandling
FN:29,(anonymous_3)
FN:60,getPivotalUrls
FN:68,replyProjectsInfo
FN:84,replyProjectName
FN:89,(anonymous_7)
FN:102,addProject
FN:107,(anonymous_9)
FN:144,removeProject
FN:169,replyStorySummary
FN:181,_replyStorySummary
FN:188,(anonymous_13)
FN:201,error
FNF:14
FNH:9
FNDA:9,(anonymous_1)
FNDA:36,messageHandling
FNDA:9,(anonymous_3)
FNDA:0,getPivotalUrls
FNDA:3,replyProjectsInfo
FNDA:0,replyProjectName
FNDA:0,(anonymous_7)
FNDA:3,addProject
FNDA:3,(anonymous_9)
FNDA:0,removeProject
FNDA:3,replyStorySummary
FNDA:2,_replyStorySummary
FNDA:2,(anonymous_13)
FNDA:0,error
DA:3,1
DA:5,1
DA:6,9
DA:7,9
DA:8,0
DA:10,9
DA:11,9
DA:12,9
DA:14,9
DA:16,9
DA:18,9
DA:22,9
DA:24,9
DA:28,1
DA:29,36
DA:31,9
DA:32,9
DA:33,0
DA:34,0
DA:42,9
DA:43,3
DA:45,6
DA:46,3
DA:47,3
DA:48,0
DA:49,3
DA:50,3
DA:51,0
DA:52,0
DA:55,0
DA:60,1
DA:61,0
DA:62,0
DA:63,0
DA:65,0
DA:68,1
DA:69,3
DA:70,3
DA:71,1
DA:72,1
DA:75,2
DA:76,2
DA:77,4
DA:78,4
DA:80,2
DA:81,2
DA:84,1
DA:85,0
DA:86,0
DA:90,0
DA:91,0
DA:92,0
DA:94,0
DA:95,0
DA:96,0
DA:98,0
DA:102,1
DA:103,3
DA:104,3
DA:108,3
DA:109,1
DA:110,1
DA:112,2
DA:113,2
DA:114,2
DA:115,1
DA:116,1
DA:119,1
DA:120,1
DA:122,1
DA:123,1
DA:124,1
DA:126,1
DA:128,1
DA:135,1
DA:136,1
DA:137,0
DA:139,1
DA:144,1
DA:145,0
DA:146,0
DA:147,0
DA:148,0
DA:151,0
DA:152,0
DA:153,0
DA:154,0
DA:157,0
DA:158,0
DA:159,0
DA:160,0
DA:163,0
DA:165,0
DA:166,0
DA:169,1
DA:170,3
DA:171,3
DA:172,1
DA:173,1
DA:176,2
DA:177,2
DA:181,1
DA:182,2
DA:189,2
DA:190,2
DA:191,1
DA:193,1
DA:196,1
DA:201,1
DA:202,0
DA:203,0
LF:111
LH:73
BRDA:7,1,0,0
BRDA:7,1,1,9
BRDA:32,2,0,0
BRDA:32,2,1,9
BRDA:42,3,0,3
BRDA:42,3,1,6
BRDA:45,4,0,3
BRDA:45,4,1,3
BRDA:47,5,0,0
BRDA:47,5,1,3
BRDA:49,6,0,3
BRDA:49,6,1,0
BRDA:51,7,0,0
BRDA:51,7,1,0
BRDA:70,8,0,1
BRDA:70,8,1,2
BRDA:90,9,0,0
BRDA:90,9,1,0
BRDA:95,10,0,0
BRDA:95,10,1,0
BRDA:108,11,0,1
BRDA:108,11,1,2
BRDA:114,12,0,1
BRDA:114,12,1,1
BRDA:120,13,0,0
BRDA:120,13,1,1
BRDA:123,14,0,1
BRDA:123,14,1,0
BRDA:136,15,0,0
BRDA:136,15,1,1
BRDA:146,16,0,0
BRDA:146,16,1,0
BRDA:152,17,0,0
BRDA:152,17,1,0
BRDA:159,18,0,0
BRDA:159,18,1,0
BRDA:171,19,0,1
BRDA:171,19,1,2
BRDA:190,20,0,1
BRDA:190,20,1,1
BRF:40
BRH:21
end_of_record
